#
# A fatal error has been detected by the Java Runtime Environment:
#
#  EXCEPTION_ACCESS_VIOLATION (0xc0000005) at pc=0x00007ffe0d16cad5, pid=9308, tid=3836
#
# JRE version: OpenJDK Runtime Environment (16.0.2+7) (build 16.0.2+7-67)
# Java VM: OpenJDK 64-Bit Server VM (16.0.2+7-67, mixed mode, tiered, compressed oops, compressed class ptrs, g1 gc, windows-amd64)
# Problematic frame:
# V  [jvm.dll+0x32cad5]
#
# No core dump will be written. Minidumps are not enabled by default on client versions of Windows
#
# If you would like to submit a bug report, please visit:
#   https://bugreport.java.com/bugreport/crash.jsp
#

---------------  S U M M A R Y ------------

Command Line: -XX:+ShowCodeDetailsInExceptionMessages -agentlib:jdwp=transport=dt_socket,suspend=y,address=localhost:51905 -Dcom.sun.management.jmxremote -Dcom.sun.management.jmxremote.port=51903 -Dcom.sun.management.jmxremote.authenticate=false -Dcom.sun.management.jmxremote.ssl=false -Djava.rmi.server.hostname=localhost -Dspring.jmx.enabled=true -Dspring.application.admin.enabled=true -XX:TieredStopAtLevel=1 -Dspring.boot.project.name=BigStore -javaagent:C:\Users\Admin\Desktop\sts-4.12.0.RELEASE\configuration\org.eclipse.osgi\259\0\.cp\lib\javaagent-shaded.jar -Dfile.encoding=UTF-8 codejava.DemoSpringBoot3Application --spring.output.ansi.enabled=always

Host: Intel(R) Core(TM) i5-9300H CPU @ 2.40GHz, 8 cores, 7G,  Windows 10 , 64 bit Build 19041 (10.0.19041.546)
Time: Sat Oct 23 23:00:50 2021 SE Asia Standard Time elapsed time: 296.543584 seconds (0d 0h 4m 56s)

---------------  T H R E A D  ---------------

Current thread (0x00000160023ed220):  VMThread "VM Thread" [stack: 0x000000041d000000,0x000000041d100000] [id=3836]

Stack: [0x000000041d000000,0x000000041d100000],  sp=0x000000041d0ff280,  free space=1020k
Native frames: (J=compiled Java code, j=interpreted, Vv=VM code, C=native code)
V  [jvm.dll+0x32cad5]
V  [jvm.dll+0x32f06d]
V  [jvm.dll+0x32f72e]
V  [jvm.dll+0x32cdaf]
V  [jvm.dll+0x32c037]
V  [jvm.dll+0x656cce]
V  [jvm.dll+0x6569d3]
V  [jvm.dll+0x61c1e8]
V  [jvm.dll+0x7c18f5]
V  [jvm.dll+0x520446]
V  [jvm.dll+0x7d00ab]
V  [jvm.dll+0x7d0da4]
V  [jvm.dll+0x7d12a9]
V  [jvm.dll+0x7d1564]
V  [jvm.dll+0x7d1630]
V  [jvm.dll+0x7795aa]
V  [jvm.dll+0x667066]
C  [ucrtbase.dll+0x214c2]
C  [KERNEL32.DLL+0x17034]
C  [ntdll.dll+0x4cec1]


siginfo: EXCEPTION_ACCESS_VIOLATION (0xc0000005), reading address 0x0000000000000006


Register to memory mapping:

RIP=0x00007ffe0d16cad5 jvm.dll
RAX=0x0 is NULL
RBX=0x000000041d0ff520 points into unknown readable memory: 0x00007ffe0d772218 | 18 22 77 0d fe 7f 00 00
RCX=0x0 is NULL
RDX=0x0000000000000520 is an unknown value
RSP=0x000000041d0ff280 points into unknown readable memory: 0x0000000097c1999d | 9d 99 c1 97 00 00 00 00
RBP=0x0 is NULL
RSI=0x0000000000000001 is an unknown value
RDI=0x00000160065b8fc0 is pointing into metadata
R8 =0x0 is NULL
R9 =0x00000160065b8fc0 is pointing into metadata
R10=0x0000000000000001 is an unknown value
R11=0x0000000047000000 is an unknown value
R12=0x00007ffe0ce40000 jvm.dll
R13=0x0000016003b73bf0 points into unknown readable memory: 0x0000000000000000 | 00 00 00 00 00 00 00 00
R14=0x00000160065ba1fa is pointing into metadata
R15=0x000000000000007b is an unknown value


Registers:
RAX=0x0000000000000000, RBX=0x000000041d0ff520, RCX=0x0000000000000000, RDX=0x0000000000000520
RSP=0x000000041d0ff280, RBP=0x0000000000000000, RSI=0x0000000000000001, RDI=0x00000160065b8fc0
R8 =0x0000000000000000, R9 =0x00000160065b8fc0, R10=0x0000000000000001, R11=0x0000000047000000
R12=0x00007ffe0ce40000, R13=0x0000016003b73bf0, R14=0x00000160065ba1fa, R15=0x000000000000007b
RIP=0x00007ffe0d16cad5, EFLAGS=0x0000000000010202

Top of Stack: (sp=0x000000041d0ff280)
0x000000041d0ff280:   0000000097c1999d 00007ffe0d1706b3
0x000000041d0ff290:   000000041d0ff2f0 00007ffe0cf650fe
0x000000041d0ff2a0:   00000160065ba360 00007ffe0d077855
0x000000041d0ff2b0:   00000160065ba360 8fffffff8fffffff
0x000000041d0ff2c0:   00004f26770e4493 00004f26770e4483
0x000000041d0ff2d0:   00000160065ba1fa 00000000000000cb
0x000000041d0ff2e0:   000000041d0ff520 00007ffe0d16f06d
0x000000041d0ff2f0:   00000160065ba1f9 000000041d0ff390
0x000000041d0ff300:   000000041d0ff3c0 00007ffe0d16ca00
0x000000041d0ff310:   0000000000000012 000000041d0ff520
0x000000041d0ff320:   0000000047000000 00007ffe0d525b34
0x000000041d0ff330:   000000000000007b 00000160065ba1fa
0x000000041d0ff340:   0000016003b73bf0 00007ffe0ce40000
0x000000041d0ff350:   000000000000007b 00000000000000b4
0x000000041d0ff360:   000000041d0ff520 00007ffe0d16f72e
0x000000041d0ff370:   000000041d0ff520 000000041d0ff3c0 

Instructions: (pc=0x00007ffe0d16cad5)
0x00007ffe0d16c9d5:   42 8b 1c 81 4e 8d 34 81 8b 75 58 41 81 e0 ff ff
0x00007ffe0d16c9e5:   ff 00 41 81 c8 00 00 00 47 48 8b cd 45 89 06 c7
0x00007ffe0d16c9f5:   45 58 01 00 00 00 e8 b0 38 00 00 66 83 7c 24 68
0x00007ffe0d16ca05:   00 41 89 1e 89 75 58 74 40 8b 4c 24 70 49 ff c7
0x00007ffe0d16ca15:   0f b7 c1 48 83 c7 08 4c 3b f8 0f 8c 4b ff ff ff
0x00007ffe0d16ca25:   83 7d 5c 00 74 23 48 83 3d fd ac 7a 00 00 74 15
0x00007ffe0d16ca35:   80 7d 42 00 74 0f 48 8d 15 a6 0a 5c 00 48 8b cd
0x00007ffe0d16ca45:   e8 d6 42 00 00 c6 45 42 00 4c 8b 74 24 28 4c 8b
0x00007ffe0d16ca55:   6c 24 30 4c 8b 64 24 38 48 8b 7c 24 40 48 8b 74
0x00007ffe0d16ca65:   24 48 48 8b 5c 24 60 4c 8b 7c 24 20 48 83 c4 50
0x00007ffe0d16ca75:   5d c3 cc cc cc cc cc cc cc cc cc 48 89 5c 24 10
0x00007ffe0d16ca85:   48 89 6c 24 18 56 57 41 56 48 83 ec 50 48 8b 05
0x00007ffe0d16ca95:   6f 42 77 00 48 33 c4 48 89 44 24 40 48 8b 41 08
0x00007ffe0d16caa5:   48 8b d9 41 8b e8 8b f2 45 33 c0 41 8b d1 48 8b
0x00007ffe0d16cab5:   48 08 48 8b 79 08 48 8b cf e8 5d d8 f0 ff 8b d0
0x00007ffe0d16cac5:   48 8b cf e8 83 03 f1 ff 48 63 c8 48 8b 44 cf 48
0x00007ffe0d16cad5:   0f be 48 06 e8 12 88 3b 00 8b 0d 44 ab 7a 00 48
0x00007ffe0d16cae5:   8d 3d 41 ab 7a 00 8d 50 f4 83 fa 01 76 27 8d 50
0x00007ffe0d16caf5:   f9 f7 c2 fb ff ff ff 74 13 83 f8 0e 48 8d 15 30
0x00007ffe0d16cb05:   ab 7a 00 4c 8b d7 4c 0f 45 d2 eb 27 4c 8d 15 50
0x00007ffe0d16cb15:   ab 7a 00 eb 1e 8b 84 24 90 00 00 00 4c 8d 54 24
0x00007ffe0d16cb25:   30 25 ff ff ff 00 89 4c 24 34 0d 00 00 00 46 89
0x00007ffe0d16cb35:   44 24 30 45 33 c0 85 f6 74 05 49 8b fa eb 29 41
0x00007ffe0d16cb45:   8b 02 85 c0 74 22 49 8b d0 4d 8b c8 42 89 44 0c
0x00007ffe0d16cb55:   20 48 8d 52 01 4c 8d 0c 95 00 00 00 00 41 ff c0
0x00007ffe0d16cb65:   43 8b 04 11 85 c0 75 e4 85 ed 75 10 8b 05 dd 53
0x00007ffe0d16cb75:   74 00 49 63 d0 41 ff c0 89 44 94 20 49 63 c0 4c
0x00007ffe0d16cb85:   8d 74 24 20 89 4c 84 20 8b 74 24 20 85 f6 74 4c
0x00007ffe0d16cb95:   48 63 53 58 85 d2 7f 18 48 8d 15 ac e1 57 00 48
0x00007ffe0d16cba5:   8b cb e8 44 48 00 00 44 8b 05 81 aa 7a 00 eb 16
0x00007ffe0d16cbb5:   48 63 4b 20 8d 42 ff 89 43 58 48 03 ca 48 8b 43
0x00007ffe0d16cbc5:   48 44 8b 44 88 fc 8b d6 48 8b cb e8 6b f0 ff ff 


Stack slot to memory mapping:
stack at sp + 0 slots: 0x0000000097c1999d is an unallocated location in the heap
stack at sp + 1 slots: 0x00007ffe0d1706b3 jvm.dll
stack at sp + 2 slots: 0x000000041d0ff2f0 points into unknown readable memory: 0x00000160065ba1f9 | f9 a1 5b 06 60 01 00 00
stack at sp + 3 slots: 0x00007ffe0cf650fe jvm.dll
stack at sp + 4 slots: {method} {0x00000160065ba368} 'doPostLogin' '(Lorg/springframework/ui/Model;Lcodejava/Entity/Account;Ljavax/servlet/http/HttpSession;)Ljava/lang/String;' in 'codejava/Controller/HomeController'
stack at sp + 5 slots: 0x00007ffe0d077855 jvm.dll
stack at sp + 6 slots: {method} {0x00000160065ba368} 'doPostLogin' '(Lorg/springframework/ui/Model;Lcodejava/Entity/Account;Ljavax/servlet/http/HttpSession;)Ljava/lang/String;' in 'codejava/Controller/HomeController'
stack at sp + 7 slots: 0x8fffffff8fffffff is an unknown value

VM_Operation (0x000000041daff110): get/set locals, mode: safepoint, requested by thread 0x0000016003212390


---------------  P R O C E S S  ---------------

Threads class SMR info:
_java_thread_list=0x0000016009526410, length=45, elements={
0x0000016002403250, 0x0000016002403e20, 0x000001600242e690, 0x000001600300b350,
0x000001600300cdd0, 0x0000016003010be0, 0x0000016003019500, 0x0000016003019e50,
0x00000160030f8000, 0x0000016003212390, 0x0000016003213280, 0x00000160032137c0,
0x0000016003aa4de0, 0x0000016003c86ee0, 0x000001600320ff00, 0x0000016003c83030,
0x00000160049e2d30, 0x00000160049e5260, 0x00000160049e57b0, 0x00000160049e3280,
0x000001600923aac0, 0x000001600923b560, 0x000001600923a570, 0x000001600949ea30,
0x000001600949fa20, 0x00000160094a04c0, 0x00000160094a1a00, 0x000001600949ff70,
0x00000160094a0a10, 0x00000160094a14b0, 0x000001600949d4f0, 0x000001600949e4e0,
0x000001600949b510, 0x000001600949c500, 0x00000160094a1f50, 0x00000160094a24a0,
0x000001600949ba60, 0x00000160094a29f0, 0x000001600949afc0, 0x000001600949bfb0,
0x000001600949da40, 0x000001600949ef80, 0x000001600949f4d0, 0x0000016009237af0,
0x00000160092375a0
}

Java Threads: ( => current thread )
  0x0000016002403250 JavaThread "Reference Handler" daemon [_thread_blocked, id=6244, stack(0x000000041d100000,0x000000041d200000)]
  0x0000016002403e20 JavaThread "Finalizer" daemon [_thread_blocked, id=3656, stack(0x000000041d200000,0x000000041d300000)]
  0x000001600242e690 JavaThread "Signal Dispatcher" daemon [_thread_blocked, id=10084, stack(0x000000041d300000,0x000000041d400000)]
  0x000001600300b350 JavaThread "Attach Listener" daemon [_thread_blocked, id=1424, stack(0x000000041d400000,0x000000041d500000)]
  0x000001600300cdd0 JavaThread "Service Thread" daemon [_thread_blocked, id=9560, stack(0x000000041d500000,0x000000041d600000)]
  0x0000016003010be0 JavaThread "Monitor Deflation Thread" daemon [_thread_blocked, id=5412, stack(0x000000041d600000,0x000000041d700000)]
  0x0000016003019500 JavaThread "C1 CompilerThread0" daemon [_thread_blocked, id=13012, stack(0x000000041d700000,0x000000041d800000)]
  0x0000016003019e50 JavaThread "Sweeper thread" daemon [_thread_blocked, id=12740, stack(0x000000041d800000,0x000000041d900000)]
  0x00000160030f8000 JavaThread "Common-Cleaner" daemon [_thread_blocked, id=12636, stack(0x000000041d900000,0x000000041da00000)]
  0x0000016003212390 JavaThread "JDWP Transport Listener: dt_socket" daemon [_thread_blocked, id=5796, stack(0x000000041da00000,0x000000041db00000)]
  0x0000016003213280 JavaThread "JDWP Event Helper Thread" daemon [_thread_blocked, id=6332, stack(0x000000041db00000,0x000000041dc00000)]
  0x00000160032137c0 JavaThread "JDWP Command Reader" daemon [_thread_in_native, id=12660, stack(0x000000041dc00000,0x000000041dd00000)]
  0x0000016003aa4de0 JavaThread "Notification Thread" daemon [_thread_blocked, id=11464, stack(0x000000041dd00000,0x000000041de00000)]
  0x0000016003c86ee0 JavaThread "RMI TCP Accept-0" daemon [_thread_in_native, id=5816, stack(0x000000041de00000,0x000000041df00000)]
  0x000001600320ff00 JavaThread "RMI TCP Accept-51903" daemon [_thread_in_native, id=11208, stack(0x000000041df00000,0x000000041e000000)]
  0x0000016003c83030 JavaThread "RMI TCP Accept-0" daemon [_thread_in_native, id=10984, stack(0x000000041e000000,0x000000041e100000)]
  0x00000160049e2d30 JavaThread "RMI Scheduler(0)" daemon [_thread_blocked, id=7088, stack(0x000000041ed00000,0x000000041ee00000)]
  0x00000160049e5260 JavaThread "JMX server connection timeout 29" daemon [_thread_blocked, id=8468, stack(0x000000041ef00000,0x000000041f000000)]
  0x00000160049e57b0 JavaThread "oracle.jdbc.driver.BlockSource.ThreadedCachingBlockSource.BlockReleaser" daemon [_thread_blocked, id=252, stack(0x000000041f100000,0x000000041f200000)]
  0x00000160049e3280 JavaThread "InterruptTimer" daemon [_thread_blocked, id=132, stack(0x000000041f200000,0x000000041f300000)]
  0x000001600923aac0 JavaThread "Live Reload Server" daemon [_thread_in_native, id=6284, stack(0x000000041fa00000,0x000000041fb00000)]
  0x000001600923b560 JavaThread "http-nio-8181-exec-10" daemon [_thread_blocked, id=9908, stack(0x0000000420400000,0x0000000420500000)]
  0x000001600923a570 JavaThread "DestroyJavaVM" [_thread_blocked, id=2824, stack(0x000000041ca00000,0x000000041cb00000)]
  0x000001600949ea30 JavaThread "RMI TCP Connection(idle)" daemon [_thread_blocked, id=6800, stack(0x0000000420a00000,0x0000000420b00000)]
  0x000001600949fa20 JavaThread "HikariPool-2 housekeeper" daemon [_thread_blocked, id=10252, stack(0x000000041ea00000,0x000000041eb00000)]
  0x00000160094a04c0 JavaThread "Catalina-utility-1" [_thread_blocked, id=9276, stack(0x000000041ec00000,0x000000041ed00000)]
  0x00000160094a1a00 JavaThread "Catalina-utility-2" [_thread_blocked, id=3544, stack(0x000000041ee00000,0x000000041ef00000)]
  0x000001600949ff70 JavaThread "container-0" [_thread_blocked, id=9836, stack(0x000000041f300000,0x000000041f400000)]
  0x00000160094a0a10 JavaThread "File Watcher" daemon [_thread_blocked, id=3252, stack(0x000000041f400000,0x000000041f500000)]
  0x00000160094a14b0 JavaThread "http-nio-8181-BlockPoller" daemon [_thread_in_native, id=6280, stack(0x000000041f500000,0x000000041f600000)]
  0x000001600949d4f0 JavaThread "http-nio-8181-exec-1" daemon [_thread_blocked, id=10708, stack(0x000000041f600000,0x000000041f700000)]
  0x000001600949e4e0 JavaThread "http-nio-8181-exec-2" daemon [_thread_blocked, id=9956, stack(0x000000041f700000,0x000000041f800000)]
  0x000001600949b510 JavaThread "http-nio-8181-exec-3" daemon [_thread_blocked, id=3196, stack(0x000000041f800000,0x000000041f900000)]
  0x000001600949c500 JavaThread "http-nio-8181-exec-4" daemon [_thread_blocked, id=7780, stack(0x000000041f900000,0x000000041fa00000)]
  0x00000160094a1f50 JavaThread "http-nio-8181-exec-5" daemon [_thread_blocked, id=6468, stack(0x000000041fb00000,0x000000041fc00000)]
  0x00000160094a24a0 JavaThread "http-nio-8181-exec-6" daemon [_thread_blocked, id=660, stack(0x000000041fc00000,0x000000041fd00000)]
  0x000001600949ba60 JavaThread "http-nio-8181-exec-7" daemon [_thread_blocked, id=756, stack(0x000000041fd00000,0x000000041fe00000)]
  0x00000160094a29f0 JavaThread "http-nio-8181-exec-8" daemon [_thread_blocked, id=5536, stack(0x000000041fe00000,0x000000041ff00000)]
  0x000001600949afc0 JavaThread "http-nio-8181-exec-9" daemon [_thread_blocked, id=3520, stack(0x000000041ff00000,0x0000000420000000)]
  0x000001600949bfb0 JavaThread "http-nio-8181-exec-10" daemon [_thread_blocked, id=2028, stack(0x0000000420000000,0x0000000420100000)]
  0x000001600949da40 JavaThread "http-nio-8181-ClientPoller" daemon [_thread_in_native, id=11432, stack(0x0000000420100000,0x0000000420200000)]
  0x000001600949ef80 JavaThread "http-nio-8181-Acceptor" daemon [_thread_in_native, id=4128, stack(0x0000000420200000,0x0000000420300000)]
  0x000001600949f4d0 JavaThread "RMI TCP Connection(idle)" daemon [_thread_blocked, id=10404, stack(0x0000000420300000,0x0000000420400000)]
  0x0000016009237af0 JavaThread "RMI TCP Connection(idle)" daemon [_thread_blocked, id=12988, stack(0x0000000420500000,0x0000000420600000)]
  0x00000160092375a0 JavaThread "RMI TCP Connection(16)-127.0.0.1" daemon [_thread_in_native, id=9944, stack(0x0000000420700000,0x0000000420800000)]

Other Threads:
=>0x00000160023ed220 VMThread "VM Thread" [stack: 0x000000041d000000,0x000000041d100000] [id=3836]
  0x00000160685b14a0 WatcherThread [stack: 0x000000041e100000,0x000000041e200000] [id=10916]
  0x00000160685f0e70 GCTaskThread "GC Thread#0" [stack: 0x000000041cb00000,0x000000041cc00000] [id=9452]
  0x0000016003cd0980 GCTaskThread "GC Thread#1" [stack: 0x000000041e200000,0x000000041e300000] [id=6988]
  0x0000016003cd0c90 GCTaskThread "GC Thread#2" [stack: 0x000000041e300000,0x000000041e400000] [id=10896]
  0x0000016003d9fa50 GCTaskThread "GC Thread#3" [stack: 0x000000041e400000,0x000000041e500000] [id=968]
  0x0000016003d3b3f0 GCTaskThread "GC Thread#4" [stack: 0x000000041e500000,0x000000041e600000] [id=3832]
  0x0000016003d3b700 GCTaskThread "GC Thread#5" [stack: 0x000000041e600000,0x000000041e700000] [id=8588]
  0x0000016003d3ba10 GCTaskThread "GC Thread#6" [stack: 0x000000041e700000,0x000000041e800000] [id=10688]
  0x0000016003d3bd20 GCTaskThread "GC Thread#7" [stack: 0x000000041e800000,0x000000041e900000] [id=12688]
  0x0000016068601900 ConcurrentGCThread "G1 Main Marker" [stack: 0x000000041cc00000,0x000000041cd00000] [id=5692]
  0x0000016068602a20 ConcurrentGCThread "G1 Conc#0" [stack: 0x000000041cd00000,0x000000041ce00000] [id=4964]
  0x0000016004b33910 ConcurrentGCThread "G1 Conc#1" [stack: 0x000000041f000000,0x000000041f100000] [id=6096]
  0x0000016002240090 ConcurrentGCThread "G1 Refine#0" [stack: 0x000000041ce00000,0x000000041cf00000] [id=8916]
  0x0000016003d2dac0 ConcurrentGCThread "G1 Refine#1" [stack: 0x000000041e900000,0x000000041ea00000] [id=8988]
  0x0000016002241930 ConcurrentGCThread "G1 Service" [stack: 0x000000041cf00000,0x000000041d000000] [id=9056]

Threads with active compile tasks:

VM state: at safepoint (normal execution)

VM Mutex/Monitor currently owned by a thread:  ([mutex/lock_event])
[0x00000160685aaf60] Threads_lock - owner thread: 0x00000160023ed220

Heap address: 0x0000000082600000, size: 2010 MB, Compressed Oops mode: 32-bit

CDS disabled.
Compressed class space mapped at: 0x0000000100000000-0x0000000140000000, reserved size: 1073741824
Narrow klass base: 0x0000000000000000, Narrow klass shift: 3, Narrow klass range: 0x140000000

GC Precious Log:
 CPUs: 8 total, 8 available
 Memory: 8038M
 Large Page Support: Disabled
 NUMA Support: Disabled
 Compressed Oops: Enabled (32-bit)
 Heap Region Size: 1M
 Heap Min Capacity: 8M
 Heap Initial Capacity: 126M
 Heap Max Capacity: 2010M
 Pre-touch: Disabled
 Parallel Workers: 8
 Concurrent Workers: 2
 Concurrent Refinement Workers: 8
 Periodic GC: Disabled

Heap:
 garbage-first heap   total 140288K, used 105152K [0x0000000082600000, 0x0000000100000000)
  region size 1024K, 63 young (64512K), 6 survivors (6144K)
 Metaspace       used 89242K, committed 89920K, reserved 1130496K
  class space    used 11696K, committed 12032K, reserved 1048576K

Heap Regions: E=young(eden), S=young(survivor), O=old, HS=humongous(starts), HC=humongous(continues), CS=collection set, F=free, OA=open archive, CA=closed archive, TAMS=top-at-mark-start (previous, next)
|   0|0x0000000082600000, 0x0000000082700000, 0x0000000082700000|100%|HS|  |TAMS 0x0000000082700000, 0x0000000082600000| Untracked 
|   1|0x0000000082700000, 0x00000000827fe828, 0x0000000082800000| 99%| O|  |TAMS 0x0000000082700000, 0x0000000082700000| Untracked 
|   2|0x0000000082800000, 0x00000000828fffa8, 0x0000000082900000| 99%| O|  |TAMS 0x0000000082800000, 0x0000000082800000| Untracked 
|   3|0x0000000082900000, 0x00000000829ffff8, 0x0000000082a00000| 99%| O|  |TAMS 0x0000000082900000, 0x0000000082900000| Untracked 
|   4|0x0000000082a00000, 0x0000000082afffe0, 0x0000000082b00000| 99%| O|  |TAMS 0x0000000082a00000, 0x0000000082a00000| Untracked 
|   5|0x0000000082b00000, 0x0000000082bffff8, 0x0000000082c00000| 99%| O|  |TAMS 0x0000000082b00000, 0x0000000082b00000| Untracked 
|   6|0x0000000082c00000, 0x0000000082cff850, 0x0000000082d00000| 99%| O|  |TAMS 0x0000000082c00000, 0x0000000082c00000| Untracked 
|   7|0x0000000082d00000, 0x0000000082dffff0, 0x0000000082e00000| 99%| O|  |TAMS 0x0000000082d00000, 0x0000000082d00000| Untracked 
|   8|0x0000000082e00000, 0x0000000082f00000, 0x0000000082f00000|100%| O|  |TAMS 0x0000000082e00000, 0x0000000082e00000| Untracked 
|   9|0x0000000082f00000, 0x0000000082fffff8, 0x0000000083000000| 99%| O|  |TAMS 0x0000000082f00000, 0x0000000082f00000| Untracked 
|  10|0x0000000083000000, 0x00000000830fffe8, 0x0000000083100000| 99%| O|  |TAMS 0x0000000083000000, 0x0000000083000000| Untracked 
|  11|0x0000000083100000, 0x00000000831ffff8, 0x0000000083200000| 99%| O|  |TAMS 0x0000000083100000, 0x0000000083100000| Untracked 
|  12|0x0000000083200000, 0x00000000832fffc0, 0x0000000083300000| 99%| O|  |TAMS 0x0000000083200000, 0x0000000083200000| Untracked 
|  13|0x0000000083300000, 0x00000000833ffff8, 0x0000000083400000| 99%| O|  |TAMS 0x0000000083300000, 0x0000000083300000| Untracked 
|  14|0x0000000083400000, 0x00000000834ffff0, 0x0000000083500000| 99%| O|  |TAMS 0x0000000083400000, 0x0000000083400000| Untracked 
|  15|0x0000000083500000, 0x00000000835ffff8, 0x0000000083600000| 99%| O|  |TAMS 0x0000000083500000, 0x0000000083500000| Untracked 
|  16|0x0000000083600000, 0x0000000083700000, 0x0000000083700000|100%| O|  |TAMS 0x0000000083600000, 0x0000000083600000| Untracked 
|  17|0x0000000083700000, 0x0000000083800000, 0x0000000083800000|100%| O|  |TAMS 0x0000000083700000, 0x0000000083700000| Untracked 
|  18|0x0000000083800000, 0x00000000838fffc0, 0x0000000083900000| 99%| O|  |TAMS 0x0000000083800000, 0x0000000083800000| Untracked 
|  19|0x0000000083900000, 0x0000000083a00000, 0x0000000083a00000|100%| O|  |TAMS 0x0000000083900000, 0x0000000083900000| Untracked 
|  20|0x0000000083a00000, 0x0000000083b00000, 0x0000000083b00000|100%| O|  |TAMS 0x0000000083a00000, 0x0000000083a00000| Untracked 
|  21|0x0000000083b00000, 0x0000000083bffff8, 0x0000000083c00000| 99%| O|  |TAMS 0x0000000083b00000, 0x0000000083b00000| Untracked 
|  22|0x0000000083c00000, 0x0000000083cffff0, 0x0000000083d00000| 99%| O|  |TAMS 0x0000000083c00000, 0x0000000083c00000| Untracked 
|  23|0x0000000083d00000, 0x0000000083e00000, 0x0000000083e00000|100%| O|  |TAMS 0x0000000083d00000, 0x0000000083d00000| Untracked 
|  24|0x0000000083e00000, 0x0000000083effff8, 0x0000000083f00000| 99%| O|  |TAMS 0x0000000083e00000, 0x0000000083e00000| Untracked 
|  25|0x0000000083f00000, 0x0000000083ffffd0, 0x0000000084000000| 99%| O|  |TAMS 0x0000000083f00000, 0x0000000083f00000| Untracked 
|  26|0x0000000084000000, 0x00000000840ffff0, 0x0000000084100000| 99%| O|  |TAMS 0x0000000084000000, 0x0000000084000000| Untracked 
|  27|0x0000000084100000, 0x00000000841ffff8, 0x0000000084200000| 99%| O|  |TAMS 0x0000000084100000, 0x0000000084100000| Untracked 
|  28|0x0000000084200000, 0x00000000842fffa0, 0x0000000084300000| 99%| O|  |TAMS 0x0000000084200000, 0x0000000084200000| Untracked 
|  29|0x0000000084300000, 0x00000000843ffff8, 0x0000000084400000| 99%| O|  |TAMS 0x0000000084300000, 0x0000000084300000| Untracked 
|  30|0x0000000084400000, 0x00000000844ffff8, 0x0000000084500000| 99%| O|  |TAMS 0x0000000084400000, 0x0000000084400000| Untracked 
|  31|0x0000000084500000, 0x00000000845fffb0, 0x0000000084600000| 99%| O|  |TAMS 0x0000000084500000, 0x0000000084500000| Untracked 
|  32|0x0000000084600000, 0x0000000084700000, 0x0000000084700000|100%| O|  |TAMS 0x0000000084600000, 0x0000000084600000| Untracked 
|  33|0x0000000084700000, 0x00000000847ffff8, 0x0000000084800000| 99%| O|  |TAMS 0x0000000084700000, 0x0000000084700000| Untracked 
|  34|0x0000000084800000, 0x00000000848fe2a0, 0x0000000084900000| 99%| O|  |TAMS 0x0000000084800000, 0x0000000084800000| Untracked 
|  35|0x0000000084900000, 0x00000000849fff80, 0x0000000084a00000| 99%| O|  |TAMS 0x0000000084900000, 0x0000000084900000| Untracked 
|  36|0x0000000084a00000, 0x0000000084b00000, 0x0000000084b00000|100%| O|  |TAMS 0x0000000084a00000, 0x0000000084a00000| Untracked 
|  37|0x0000000084b00000, 0x0000000084b76ea0, 0x0000000084c00000| 46%| O|  |TAMS 0x0000000084b00000, 0x0000000084b00000| Untracked 
|  38|0x0000000084c00000, 0x0000000084c36138, 0x0000000084d00000| 21%| O|  |TAMS 0x0000000084c00000, 0x0000000084c00000| Untracked 
|  39|0x0000000084d00000, 0x0000000084e00000, 0x0000000084e00000|100%| O|  |TAMS 0x0000000084d00000, 0x0000000084d00000| Untracked 
|  40|0x0000000084e00000, 0x0000000084e2eaf0, 0x0000000084f00000| 18%| O|  |TAMS 0x0000000084e00000, 0x0000000084e00000| Untracked 
|  41|0x0000000084f00000, 0x0000000084fa4348, 0x0000000085000000| 64%| O|  |TAMS 0x0000000084f00000, 0x0000000084f00000| Untracked 
|  42|0x0000000085000000, 0x0000000085100000, 0x0000000085100000|100%| O|  |TAMS 0x0000000085000000, 0x0000000085000000| Untracked 
|  43|0x0000000085100000, 0x00000000851f6c00, 0x0000000085200000| 96%| O|  |TAMS 0x0000000085100000, 0x0000000085100000| Untracked 
|  44|0x0000000085200000, 0x0000000085200000, 0x0000000085300000|  0%| F|  |TAMS 0x0000000085200000, 0x0000000085200000| Untracked 
|  45|0x0000000085300000, 0x0000000085300000, 0x0000000085400000|  0%| F|  |TAMS 0x0000000085300000, 0x0000000085300000| Untracked 
|  46|0x0000000085400000, 0x0000000085400000, 0x0000000085500000|  0%| F|  |TAMS 0x0000000085400000, 0x0000000085400000| Untracked 
|  47|0x0000000085500000, 0x0000000085500000, 0x0000000085600000|  0%| F|  |TAMS 0x0000000085500000, 0x0000000085500000| Untracked 
|  48|0x0000000085600000, 0x0000000085600000, 0x0000000085700000|  0%| F|  |TAMS 0x0000000085600000, 0x0000000085600000| Untracked 
|  49|0x0000000085700000, 0x0000000085700000, 0x0000000085800000|  0%| F|  |TAMS 0x0000000085700000, 0x0000000085700000| Untracked 
|  50|0x0000000085800000, 0x0000000085800000, 0x0000000085900000|  0%| F|  |TAMS 0x0000000085800000, 0x0000000085800000| Untracked 
|  51|0x0000000085900000, 0x0000000085900000, 0x0000000085a00000|  0%| F|  |TAMS 0x0000000085900000, 0x0000000085900000| Untracked 
|  52|0x0000000085a00000, 0x0000000085a00000, 0x0000000085b00000|  0%| F|  |TAMS 0x0000000085a00000, 0x0000000085a00000| Untracked 
|  53|0x0000000085b00000, 0x0000000085b00000, 0x0000000085c00000|  0%| F|  |TAMS 0x0000000085b00000, 0x0000000085b00000| Untracked 
|  54|0x0000000085c00000, 0x0000000085c00000, 0x0000000085d00000|  0%| F|  |TAMS 0x0000000085c00000, 0x0000000085c00000| Untracked 
|  55|0x0000000085d00000, 0x0000000085d00000, 0x0000000085e00000|  0%| F|  |TAMS 0x0000000085d00000, 0x0000000085d00000| Untracked 
|  56|0x0000000085e00000, 0x0000000085e00000, 0x0000000085f00000|  0%| F|  |TAMS 0x0000000085e00000, 0x0000000085e00000| Untracked 
|  57|0x0000000085f00000, 0x0000000085f00000, 0x0000000086000000|  0%| F|  |TAMS 0x0000000085f00000, 0x0000000085f00000| Untracked 
|  58|0x0000000086000000, 0x0000000086000000, 0x0000000086100000|  0%| F|  |TAMS 0x0000000086000000, 0x0000000086000000| Untracked 
|  59|0x0000000086100000, 0x000000008613d9a0, 0x0000000086200000| 24%| S|CS|TAMS 0x0000000086100000, 0x0000000086100000| Complete 
|  60|0x0000000086200000, 0x0000000086200000, 0x0000000086300000|  0%| F|  |TAMS 0x0000000086200000, 0x0000000086200000| Untracked 
|  61|0x0000000086300000, 0x0000000086300000, 0x0000000086400000|  0%| F|  |TAMS 0x0000000086300000, 0x0000000086300000| Untracked 
|  62|0x0000000086400000, 0x0000000086400000, 0x0000000086500000|  0%| F|  |TAMS 0x0000000086400000, 0x0000000086400000| Untracked 
|  63|0x0000000086500000, 0x0000000086600000, 0x0000000086600000|100%| S|CS|TAMS 0x0000000086500000, 0x0000000086500000| Complete 
|  64|0x0000000086600000, 0x0000000086700000, 0x0000000086700000|100%| S|CS|TAMS 0x0000000086600000, 0x0000000086600000| Complete 
|  65|0x0000000086700000, 0x0000000086800000, 0x0000000086800000|100%| S|CS|TAMS 0x0000000086700000, 0x0000000086700000| Complete 
|  66|0x0000000086800000, 0x0000000086900000, 0x0000000086900000|100%| S|CS|TAMS 0x0000000086800000, 0x0000000086800000| Complete 
|  67|0x0000000086900000, 0x0000000086900000, 0x0000000086a00000|  0%| F|  |TAMS 0x0000000086900000, 0x0000000086900000| Untracked 
|  68|0x0000000086a00000, 0x0000000086a00000, 0x0000000086b00000|  0%| F|  |TAMS 0x0000000086a00000, 0x0000000086a00000| Untracked 
|  69|0x0000000086b00000, 0x0000000086b00000, 0x0000000086c00000|  0%| F|  |TAMS 0x0000000086b00000, 0x0000000086b00000| Untracked 
|  70|0x0000000086c00000, 0x0000000086d00000, 0x0000000086d00000|100%| S|CS|TAMS 0x0000000086c00000, 0x0000000086c00000| Complete 
|  71|0x0000000086d00000, 0x0000000086d00000, 0x0000000086e00000|  0%| F|  |TAMS 0x0000000086d00000, 0x0000000086d00000| Untracked 
|  72|0x0000000086e00000, 0x0000000086e00000, 0x0000000086f00000|  0%| F|  |TAMS 0x0000000086e00000, 0x0000000086e00000| Untracked 
|  73|0x0000000086f00000, 0x0000000086f00000, 0x0000000087000000|  0%| F|  |TAMS 0x0000000086f00000, 0x0000000086f00000| Untracked 
|  74|0x0000000087000000, 0x0000000087000000, 0x0000000087100000|  0%| F|  |TAMS 0x0000000087000000, 0x0000000087000000| Untracked 
|  75|0x0000000087100000, 0x0000000087100000, 0x0000000087200000|  0%| F|  |TAMS 0x0000000087100000, 0x0000000087100000| Untracked 
|  76|0x0000000087200000, 0x0000000087200000, 0x0000000087300000|  0%| F|  |TAMS 0x0000000087200000, 0x0000000087200000| Untracked 
|  77|0x0000000087300000, 0x0000000087300000, 0x0000000087400000|  0%| F|  |TAMS 0x0000000087300000, 0x0000000087300000| Untracked 
|  78|0x0000000087400000, 0x0000000087400000, 0x0000000087500000|  0%| F|  |TAMS 0x0000000087400000, 0x0000000087400000| Untracked 
|  79|0x0000000087500000, 0x0000000087500000, 0x0000000087600000|  0%| F|  |TAMS 0x0000000087500000, 0x0000000087500000| Untracked 
|  80|0x0000000087600000, 0x00000000876db0b8, 0x0000000087700000| 85%| E|  |TAMS 0x0000000087600000, 0x0000000087600000| Complete 
|  81|0x0000000087700000, 0x0000000087800000, 0x0000000087800000|100%| E|CS|TAMS 0x0000000087700000, 0x0000000087700000| Complete 
|  82|0x0000000087800000, 0x0000000087900000, 0x0000000087900000|100%| E|CS|TAMS 0x0000000087800000, 0x0000000087800000| Complete 
|  83|0x0000000087900000, 0x0000000087a00000, 0x0000000087a00000|100%| E|CS|TAMS 0x0000000087900000, 0x0000000087900000| Complete 
|  84|0x0000000087a00000, 0x0000000087b00000, 0x0000000087b00000|100%| E|CS|TAMS 0x0000000087a00000, 0x0000000087a00000| Complete 
|  85|0x0000000087b00000, 0x0000000087c00000, 0x0000000087c00000|100%| E|CS|TAMS 0x0000000087b00000, 0x0000000087b00000| Complete 
|  86|0x0000000087c00000, 0x0000000087d00000, 0x0000000087d00000|100%| E|CS|TAMS 0x0000000087c00000, 0x0000000087c00000| Complete 
|  87|0x0000000087d00000, 0x0000000087e00000, 0x0000000087e00000|100%| E|CS|TAMS 0x0000000087d00000, 0x0000000087d00000| Complete 
|  88|0x0000000087e00000, 0x0000000087f00000, 0x0000000087f00000|100%| E|CS|TAMS 0x0000000087e00000, 0x0000000087e00000| Complete 
|  89|0x0000000087f00000, 0x0000000088000000, 0x0000000088000000|100%| E|CS|TAMS 0x0000000087f00000, 0x0000000087f00000| Complete 
|  90|0x0000000088000000, 0x0000000088100000, 0x0000000088100000|100%| E|CS|TAMS 0x0000000088000000, 0x0000000088000000| Complete 
|  91|0x0000000088100000, 0x0000000088200000, 0x0000000088200000|100%| E|CS|TAMS 0x0000000088100000, 0x0000000088100000| Complete 
|  92|0x0000000088200000, 0x0000000088300000, 0x0000000088300000|100%| E|CS|TAMS 0x0000000088200000, 0x0000000088200000| Complete 
|  93|0x0000000088300000, 0x0000000088400000, 0x0000000088400000|100%| E|CS|TAMS 0x0000000088300000, 0x0000000088300000| Complete 
|  94|0x0000000088400000, 0x0000000088500000, 0x0000000088500000|100%| E|CS|TAMS 0x0000000088400000, 0x0000000088400000| Complete 
|  95|0x0000000088500000, 0x0000000088600000, 0x0000000088600000|100%| E|CS|TAMS 0x0000000088500000, 0x0000000088500000| Complete 
|  96|0x0000000088600000, 0x0000000088700000, 0x0000000088700000|100%| E|CS|TAMS 0x0000000088600000, 0x0000000088600000| Complete 
|  97|0x0000000088700000, 0x0000000088800000, 0x0000000088800000|100%| E|CS|TAMS 0x0000000088700000, 0x0000000088700000| Complete 
|  98|0x0000000088800000, 0x0000000088900000, 0x0000000088900000|100%| E|CS|TAMS 0x0000000088800000, 0x0000000088800000| Complete 
|  99|0x0000000088900000, 0x0000000088a00000, 0x0000000088a00000|100%| E|CS|TAMS 0x0000000088900000, 0x0000000088900000| Complete 
| 100|0x0000000088a00000, 0x0000000088b00000, 0x0000000088b00000|100%| E|CS|TAMS 0x0000000088a00000, 0x0000000088a00000| Complete 
| 101|0x0000000088b00000, 0x0000000088c00000, 0x0000000088c00000|100%| E|CS|TAMS 0x0000000088b00000, 0x0000000088b00000| Complete 
| 102|0x0000000088c00000, 0x0000000088d00000, 0x0000000088d00000|100%| E|CS|TAMS 0x0000000088c00000, 0x0000000088c00000| Complete 
| 103|0x0000000088d00000, 0x0000000088e00000, 0x0000000088e00000|100%| E|CS|TAMS 0x0000000088d00000, 0x0000000088d00000| Complete 
| 104|0x0000000088e00000, 0x0000000088f00000, 0x0000000088f00000|100%| E|CS|TAMS 0x0000000088e00000, 0x0000000088e00000| Complete 
| 105|0x0000000088f00000, 0x0000000089000000, 0x0000000089000000|100%| E|CS|TAMS 0x0000000088f00000, 0x0000000088f00000| Complete 
| 106|0x0000000089000000, 0x0000000089100000, 0x0000000089100000|100%| E|CS|TAMS 0x0000000089000000, 0x0000000089000000| Complete 
| 107|0x0000000089100000, 0x0000000089200000, 0x0000000089200000|100%| E|CS|TAMS 0x0000000089100000, 0x0000000089100000| Complete 
| 108|0x0000000089200000, 0x0000000089300000, 0x0000000089300000|100%| E|CS|TAMS 0x0000000089200000, 0x0000000089200000| Complete 
| 109|0x0000000089300000, 0x0000000089400000, 0x0000000089400000|100%| E|CS|TAMS 0x0000000089300000, 0x0000000089300000| Complete 
| 110|0x0000000089400000, 0x0000000089500000, 0x0000000089500000|100%| E|CS|TAMS 0x0000000089400000, 0x0000000089400000| Complete 
| 111|0x0000000089500000, 0x0000000089600000, 0x0000000089600000|100%| E|CS|TAMS 0x0000000089500000, 0x0000000089500000| Complete 
| 112|0x0000000089600000, 0x0000000089700000, 0x0000000089700000|100%| E|CS|TAMS 0x0000000089600000, 0x0000000089600000| Complete 
| 113|0x0000000089700000, 0x0000000089800000, 0x0000000089800000|100%| E|CS|TAMS 0x0000000089700000, 0x0000000089700000| Complete 
| 114|0x0000000089800000, 0x0000000089900000, 0x0000000089900000|100%| E|CS|TAMS 0x0000000089800000, 0x0000000089800000| Complete 
| 115|0x0000000089900000, 0x0000000089a00000, 0x0000000089a00000|100%| E|CS|TAMS 0x0000000089900000, 0x0000000089900000| Complete 
| 116|0x0000000089a00000, 0x0000000089b00000, 0x0000000089b00000|100%| E|CS|TAMS 0x0000000089a00000, 0x0000000089a00000| Complete 
| 117|0x0000000089b00000, 0x0000000089c00000, 0x0000000089c00000|100%| E|CS|TAMS 0x0000000089b00000, 0x0000000089b00000| Complete 
| 118|0x0000000089c00000, 0x0000000089d00000, 0x0000000089d00000|100%| E|CS|TAMS 0x0000000089c00000, 0x0000000089c00000| Complete 
| 119|0x0000000089d00000, 0x0000000089e00000, 0x0000000089e00000|100%| E|CS|TAMS 0x0000000089d00000, 0x0000000089d00000| Complete 
| 120|0x0000000089e00000, 0x0000000089f00000, 0x0000000089f00000|100%| E|CS|TAMS 0x0000000089e00000, 0x0000000089e00000| Complete 
| 121|0x0000000089f00000, 0x000000008a000000, 0x000000008a000000|100%| E|CS|TAMS 0x0000000089f00000, 0x0000000089f00000| Complete 
| 122|0x000000008a000000, 0x000000008a100000, 0x000000008a100000|100%| E|CS|TAMS 0x000000008a000000, 0x000000008a000000| Complete 
| 123|0x000000008a100000, 0x000000008a200000, 0x000000008a200000|100%| E|CS|TAMS 0x000000008a100000, 0x000000008a100000| Complete 
| 124|0x000000008a200000, 0x000000008a300000, 0x000000008a300000|100%| E|CS|TAMS 0x000000008a200000, 0x000000008a200000| Complete 
| 125|0x000000008a300000, 0x000000008a400000, 0x000000008a400000|100%| E|CS|TAMS 0x000000008a300000, 0x000000008a300000| Complete 
| 126|0x000000008a400000, 0x000000008a500000, 0x000000008a500000|100%| E|CS|TAMS 0x000000008a400000, 0x000000008a400000| Complete 
| 127|0x000000008a500000, 0x000000008a600000, 0x000000008a600000|100%| E|CS|TAMS 0x000000008a500000, 0x000000008a500000| Complete 
| 128|0x000000008a600000, 0x000000008a700000, 0x000000008a700000|100%| E|CS|TAMS 0x000000008a600000, 0x000000008a600000| Complete 
| 129|0x000000008a700000, 0x000000008a800000, 0x000000008a800000|100%| E|CS|TAMS 0x000000008a700000, 0x000000008a700000| Complete 
| 130|0x000000008a800000, 0x000000008a900000, 0x000000008a900000|100%| E|CS|TAMS 0x000000008a800000, 0x000000008a800000| Complete 
| 131|0x000000008a900000, 0x000000008aa00000, 0x000000008aa00000|100%| E|CS|TAMS 0x000000008a900000, 0x000000008a900000| Complete 
| 132|0x000000008aa00000, 0x000000008ab00000, 0x000000008ab00000|100%| E|CS|TAMS 0x000000008aa00000, 0x000000008aa00000| Complete 
| 133|0x000000008ab00000, 0x000000008ac00000, 0x000000008ac00000|100%| E|CS|TAMS 0x000000008ab00000, 0x000000008ab00000| Complete 
| 134|0x000000008ac00000, 0x000000008ad00000, 0x000000008ad00000|100%| E|CS|TAMS 0x000000008ac00000, 0x000000008ac00000| Complete 
| 135|0x000000008ad00000, 0x000000008ae00000, 0x000000008ae00000|100%| E|CS|TAMS 0x000000008ad00000, 0x000000008ad00000| Complete 
| 136|0x000000008ae00000, 0x000000008af00000, 0x000000008af00000|100%| E|CS|TAMS 0x000000008ae00000, 0x000000008ae00000| Complete 

Card table byte_map: [0x000001607b240000,0x000001607b630000] _byte_map_base: 0x000001607ae2d000

Marking Bits (Prev, Next): (CMBitMap*) 0x00000160685f13f0, (CMBitMap*) 0x00000160685f1430
 Prev Bits: [0x000001607ba20000, 0x000001607d988000)
 Next Bits: [0x000001607d990000, 0x000001607f8f8000)

Polling page: 0x0000016066570000

Metaspace:

Usage:
  Non-class:     75.73 MB used.
      Class:     11.42 MB used.
       Both:     87.15 MB used.

Virtual space:
  Non-class space:       80.00 MB reserved,      76.06 MB ( 95%) committed,  10 nodes.
      Class space:        1.00 GB reserved,      11.75 MB (  1%) committed,  1 nodes.
              Both:        1.08 GB reserved,      87.81 MB (  8%) committed. 

Chunk freelists:
   Non-Class:  3.35 MB
       Class:  98.00 KB
        Both:  3.44 MB

MaxMetaspaceSize: 17179869184.00 GB
CompressedClassSpaceSize: 1.00 GB
 - commit_granule_bytes: 65536.
 - commit_granule_words: 8192.
 - virtual_space_node_default_size: 1048576.
 - enlarge_chunks_in_place: 1.
 - new_chunks_are_fully_committed: 0.
 - uncommit_free_chunks: 1.
 - use_allocation_guard: 0.
 - handle_deallocations: 1.


Internal statistics:

num_allocs_failed_limit: 9.
num_arena_births: 920.
num_arena_deaths: 8.
num_vsnodes_births: 11.
num_vsnodes_deaths: 0.
num_space_committed: 1405.
num_space_uncommitted: 0.
num_chunks_returned_to_freelist: 21.
num_chunks_taken_from_freelist: 3983.
num_chunk_merges: 9.
num_chunk_splits: 2757.
num_chunks_enlarged: 2043.
num_purges: 2.

CodeHeap 'non-profiled nmethods': size=238336Kb used=16428Kb max_used=16428Kb free=221907Kb
 bounds [0x000001606c260000, 0x000001606d270000, 0x000001607ab20000]
CodeHeap 'non-nmethods': size=7424Kb used=2477Kb max_used=2477Kb free=4946Kb
 bounds [0x000001606bb20000, 0x000001606bd90000, 0x000001606c260000]
 total_blobs=10413 nmethods=9471 adapters=868
 compilation: enabled
              stopped_count=0, restarted_count=0
 full_count=0

Compilation events (20 events):
Event: 255.609 Thread 0x0000016003019500 9462       1       jdk.internal.logger.LazyLoggers$LazyLoggerWrapper::wrapped (10 bytes)
Event: 255.609 Thread 0x0000016003019500 nmethod 9462 0x000001606d268210 code [0x000001606d2683c0, 0x000001606d2684e8]
Event: 255.709 Thread 0x0000016003019500 9463       1       sun.rmi.runtime.Log$LoggerLog::log (45 bytes)
Event: 255.710 Thread 0x0000016003019500 nmethod 9463 0x000001606d268590 code [0x000001606d2687c0, 0x000001606d268bb8]
Event: 258.281 Thread 0x0000016003019500 9464       1       java.util.TaskQueue::rescheduleMin (16 bytes)
Event: 258.282 Thread 0x0000016003019500 nmethod 9464 0x000001606d268f10 code [0x000001606d2690c0, 0x000001606d2691e8]
Event: 258.282 Thread 0x0000016003019500 9465       1       java.util.TaskQueue::fixDown (108 bytes)
Event: 258.282 Thread 0x0000016003019500 nmethod 9465 0x000001606d269310 code [0x000001606d2694e0, 0x000001606d269858]
Event: 258.282 Thread 0x0000016003019500 9466       1       oracle.net.nt.Clock$1::run (10 bytes)
Event: 258.282 Thread 0x0000016003019500 nmethod 9466 0x000001606d269a90 code [0x000001606d269c20, 0x000001606d269d38]
Event: 258.282 Thread 0x0000016003019500 9467       1       oracle.net.nt.Clock::access$000 (4 bytes)
Event: 258.282 Thread 0x0000016003019500 nmethod 9467 0x000001606d269e10 code [0x000001606d269fa0, 0x000001606d26a058]
Event: 269.718 Thread 0x0000016003019500 9468       1       sun.nio.ch.SelectorImpl::keys (9 bytes)
Event: 269.719 Thread 0x0000016003019500 nmethod 9468 0x000001606d26a110 code [0x000001606d26a2c0, 0x000001606d26a428]
Event: 271.680 Thread 0x0000016003019500 9469       1       org.apache.coyote.AbstractProtocol$$Lambda$1324/0x0000000100a87010::run (8 bytes)
Event: 271.680 Thread 0x0000016003019500 nmethod 9469 0x000001606d26a510 code [0x000001606d26a6c0, 0x000001606d26a7a8]
Event: 271.680 Thread 0x0000016003019500 9470       1       org.apache.coyote.AbstractProtocol::lambda$startAsyncTimeout$1 (46 bytes)
Event: 271.681 Thread 0x0000016003019500 nmethod 9470 0x000001606d26a890 code [0x000001606d26aa60, 0x000001606d26ac58]
Event: 288.654 Thread 0x0000016003019500 9471       1       java.io.ObjectStreamClass::hasReadObjectMethod (17 bytes)
Event: 288.654 Thread 0x0000016003019500 nmethod 9471 0x000001606d26ad90 code [0x000001606d26af40, 0x000001606d26b0e8]

GC Heap History (20 events):
Event: 11.966 GC heap before
{Heap before GC invocations=29 (full 0):
 garbage-first heap   total 122880K, used 110545K [0x0000000082600000, 0x0000000100000000)
  region size 1024K, 70 young (71680K), 8 survivors (8192K)
 Metaspace       used 80710K, committed 81152K, reserved 1122304K
  class space    used 10605K, committed 10816K, reserved 1048576K
}
Event: 11.980 GC heap after
{Heap after GC invocations=30 (full 0):
 garbage-first heap   total 123904K, used 39858K [0x0000000082600000, 0x0000000100000000)
  region size 1024K, 8 young (8192K), 8 survivors (8192K)
 Metaspace       used 80710K, committed 81152K, reserved 1122304K
  class space    used 10605K, committed 10816K, reserved 1048576K
}
Event: 49.233 GC heap before
{Heap before GC invocations=30 (full 0):
 garbage-first heap   total 123904K, used 98226K [0x0000000082600000, 0x0000000100000000)
  region size 1024K, 66 young (67584K), 8 survivors (8192K)
 Metaspace       used 82465K, committed 83008K, reserved 1122304K
  class space    used 10826K, committed 11136K, reserved 1048576K
}
Event: 49.239 GC heap after
{Heap after GC invocations=31 (full 0):
 garbage-first heap   total 123904K, used 40514K [0x0000000082600000, 0x0000000100000000)
  region size 1024K, 5 young (5120K), 5 survivors (5120K)
 Metaspace       used 82465K, committed 83008K, reserved 1122304K
  class space    used 10826K, committed 11136K, reserved 1048576K
}
Event: 49.846 GC heap before
{Heap before GC invocations=31 (full 0):
 garbage-first heap   total 123904K, used 99906K [0x0000000082600000, 0x0000000100000000)
  region size 1024K, 64 young (65536K), 5 survivors (5120K)
 Metaspace       used 85713K, committed 86336K, reserved 1130496K
  class space    used 11273K, committed 11584K, reserved 1048576K
}
Event: 49.853 GC heap after
{Heap after GC invocations=32 (full 0):
 garbage-first heap   total 123904K, used 45992K [0x0000000082600000, 0x0000000100000000)
  region size 1024K, 7 young (7168K), 7 survivors (7168K)
 Metaspace       used 85713K, committed 86336K, reserved 1130496K
  class space    used 11273K, committed 11584K, reserved 1048576K
}
Event: 73.771 GC heap before
{Heap before GC invocations=32 (full 0):
 garbage-first heap   total 123904K, used 97192K [0x0000000082600000, 0x0000000100000000)
  region size 1024K, 58 young (59392K), 7 survivors (7168K)
 Metaspace       used 87539K, committed 88128K, reserved 1130496K
  class space    used 11514K, committed 11840K, reserved 1048576K
}
Event: 73.776 GC heap after
{Heap after GC invocations=33 (full 0):
 garbage-first heap   total 149504K, used 47737K [0x0000000082600000, 0x0000000100000000)
  region size 1024K, 3 young (3072K), 3 survivors (3072K)
 Metaspace       used 87539K, committed 88128K, reserved 1130496K
  class space    used 11514K, committed 11840K, reserved 1048576K
}
Event: 130.273 GC heap before
{Heap before GC invocations=33 (full 0):
 garbage-first heap   total 149504K, used 113273K [0x0000000082600000, 0x0000000100000000)
  region size 1024K, 68 young (69632K), 3 survivors (3072K)
 Metaspace       used 87660K, committed 88320K, reserved 1130496K
  class space    used 11527K, committed 11840K, reserved 1048576K
}
Event: 130.275 GC heap after
{Heap after GC invocations=34 (full 0):
 garbage-first heap   total 149504K, used 47366K [0x0000000082600000, 0x0000000100000000)
  region size 1024K, 2 young (2048K), 2 survivors (2048K)
 Metaspace       used 87660K, committed 88320K, reserved 1130496K
  class space    used 11527K, committed 11840K, reserved 1048576K
}
Event: 193.628 GC heap before
{Heap before GC invocations=34 (full 0):
 garbage-first heap   total 149504K, used 116998K [0x0000000082600000, 0x0000000100000000)
  region size 1024K, 70 young (71680K), 2 survivors (2048K)
 Metaspace       used 87663K, committed 88320K, reserved 1130496K
  class space    used 11528K, committed 11840K, reserved 1048576K
}
Event: 193.629 GC heap after
{Heap after GC invocations=35 (full 0):
 garbage-first heap   total 149504K, used 47184K [0x0000000082600000, 0x0000000100000000)
  region size 1024K, 2 young (2048K), 2 survivors (2048K)
 Metaspace       used 87663K, committed 88320K, reserved 1130496K
  class space    used 11528K, committed 11840K, reserved 1048576K
}
Event: 253.284 GC heap before
{Heap before GC invocations=35 (full 0):
 garbage-first heap   total 149504K, used 108624K [0x0000000082600000, 0x0000000100000000)
  region size 1024K, 63 young (64512K), 2 survivors (2048K)
 Metaspace       used 87836K, committed 88448K, reserved 1130496K
  class space    used 11560K, committed 11840K, reserved 1048576K
}
Event: 253.365 GC heap after
{Heap after GC invocations=36 (full 1):
 garbage-first heap   total 140288K, used 39407K [0x0000000082600000, 0x0000000100000000)
  region size 1024K, 0 young (0K), 0 survivors (0K)
 Metaspace       used 87823K, committed 88448K, reserved 1130496K
  class space    used 11558K, committed 11840K, reserved 1048576K
}
Event: 253.868 GC heap before
{Heap before GC invocations=36 (full 1):
 garbage-first heap   total 140288K, used 110063K [0x0000000082600000, 0x0000000100000000)
  region size 1024K, 70 young (71680K), 0 survivors (0K)
 Metaspace       used 88181K, committed 88768K, reserved 1130496K
  class space    used 11609K, committed 11904K, reserved 1048576K
}
Event: 253.871 GC heap after
{Heap after GC invocations=37 (full 1):
 garbage-first heap   total 140288K, used 42757K [0x0000000082600000, 0x0000000100000000)
  region size 1024K, 4 young (4096K), 4 survivors (4096K)
 Metaspace       used 88181K, committed 88768K, reserved 1130496K
  class space    used 11609K, committed 11904K, reserved 1048576K
}
Event: 254.273 GC heap before
{Heap before GC invocations=37 (full 1):
 garbage-first heap   total 140288K, used 110341K [0x0000000082600000, 0x0000000100000000)
  region size 1024K, 71 young (72704K), 4 survivors (4096K)
 Metaspace       used 88530K, committed 89216K, reserved 1130496K
  class space    used 11640K, committed 11968K, reserved 1048576K
}
Event: 254.276 GC heap after
{Heap after GC invocations=38 (full 1):
 garbage-first heap   total 140288K, used 45341K [0x0000000082600000, 0x0000000100000000)
  region size 1024K, 6 young (6144K), 6 survivors (6144K)
 Metaspace       used 88530K, committed 89216K, reserved 1130496K
  class space    used 11640K, committed 11968K, reserved 1048576K
}
Event: 254.601 GC heap before
{Heap before GC invocations=38 (full 1):
 garbage-first heap   total 140288K, used 112925K [0x0000000082600000, 0x0000000100000000)
  region size 1024K, 72 young (73728K), 6 survivors (6144K)
 Metaspace       used 89193K, committed 89856K, reserved 1130496K
  class space    used 11693K, committed 12032K, reserved 1048576K
}
Event: 254.605 GC heap after
{Heap after GC invocations=39 (full 1):
 garbage-first heap   total 140288K, used 47808K [0x0000000082600000, 0x0000000100000000)
  region size 1024K, 6 young (6144K), 6 survivors (6144K)
 Metaspace       used 89193K, committed 89856K, reserved 1130496K
  class space    used 11693K, committed 12032K, reserved 1048576K
}

Deoptimization events (20 events):
Event: 254.658 Thread 0x000001600949cfa0 DEOPT PACKING pc=0x000001606c620454 sp=0x000000041c9fd7e0
Event: 254.658 Thread 0x000001600949cfa0 DEOPT UNPACKING pc=0x000001606bb6dece sp=0x000000041c9fcd40 mode 1
Event: 254.658 Thread 0x000001600949cfa0 DEOPT PACKING pc=0x000001606c93e0dc sp=0x000000041c9fd900
Event: 254.658 Thread 0x000001600949cfa0 DEOPT UNPACKING pc=0x000001606bb6dece sp=0x000000041c9fcdc0 mode 1
Event: 254.658 Thread 0x000001600949cfa0 DEOPT PACKING pc=0x000001606c620454 sp=0x000000041c9fd7e0
Event: 254.658 Thread 0x000001600949cfa0 DEOPT UNPACKING pc=0x000001606bb6dece sp=0x000000041c9fcd40 mode 1
Event: 254.658 Thread 0x000001600949cfa0 DEOPT PACKING pc=0x000001606c93e0dc sp=0x000000041c9fd900
Event: 254.658 Thread 0x000001600949cfa0 DEOPT UNPACKING pc=0x000001606bb6dece sp=0x000000041c9fcdc0 mode 1
Event: 254.662 Thread 0x000001600949cfa0 DEOPT PACKING pc=0x000001606cbcb504 sp=0x000000041c9fcba0
Event: 254.662 Thread 0x000001600949cfa0 DEOPT UNPACKING pc=0x000001606bb6dece sp=0x000000041c9fc108 mode 1
Event: 254.663 Thread 0x000001600949cfa0 DEOPT PACKING pc=0x000001606cbcb504 sp=0x000000041c9fcb10
Event: 254.663 Thread 0x000001600949cfa0 DEOPT UNPACKING pc=0x000001606bb6dece sp=0x000000041c9fc078 mode 1
Event: 254.669 Thread 0x000001600949cfa0 DEOPT PACKING pc=0x000001606ce13ab4 sp=0x000000041c9fd7e0
Event: 254.669 Thread 0x000001600949cfa0 DEOPT UNPACKING pc=0x000001606bb6dece sp=0x000000041c9fcdc0 mode 1
Event: 254.679 Thread 0x000001600949cfa0 DEOPT PACKING pc=0x000001606cbcb504 sp=0x000000041c9fdc20
Event: 254.679 Thread 0x000001600949cfa0 DEOPT UNPACKING pc=0x000001606bb6dece sp=0x000000041c9fd188 mode 1
Event: 254.680 Thread 0x000001600949cfa0 DEOPT PACKING pc=0x000001606cbcb504 sp=0x000000041c9fdbb0
Event: 254.680 Thread 0x000001600949cfa0 DEOPT UNPACKING pc=0x000001606bb6dece sp=0x000000041c9fd118 mode 1
Event: 254.680 Thread 0x000001600949cfa0 DEOPT PACKING pc=0x000001606cbcb504 sp=0x000000041c9fdb40
Event: 254.680 Thread 0x000001600949cfa0 DEOPT UNPACKING pc=0x000001606bb6dece sp=0x000000041c9fd0a8 mode 1

Classes unloaded (4 events):
Event: 253.310 Thread 0x00000160023ed220 Unloading class 0x00000001009a2800 'jdk/internal/reflect/GeneratedSerializationConstructorAccessor36'
Event: 253.310 Thread 0x00000160023ed220 Unloading class 0x00000001009a2400 'jdk/internal/reflect/GeneratedSerializationConstructorAccessor35'
Event: 253.310 Thread 0x00000160023ed220 Unloading class 0x00000001009a0400 'jdk/internal/reflect/GeneratedSerializationConstructorAccessor34'
Event: 253.310 Thread 0x00000160023ed220 Unloading class 0x000000010097c000 'jdk/internal/reflect/GeneratedSerializationConstructorAccessor33'

Classes redefined (3 events):
Event: 245.368 Thread 0x00000160023ed220 redefined class name=codejava.Controller.HomeController, count=1
Event: 296.211 Thread 0x00000160023ed220 redefined class name=codejava.Controller.HomeController, count=2
Event: 296.211 Thread 0x00000160023ed220 redefined class name=codejava.Controller.HomeController, count=1

Internal exceptions (20 events):
Event: 254.190 Thread 0x000001600949cfa0 Exception <a 'java/lang/ClassNotFoundException'{0x0000000087ca89a0}: codejava/Entity/rolesCustomizer> (0x0000000087ca89a0) 
thrown [t:\workspace\open\src\hotspot\share\classfile\systemDictionary.cpp, line 256]
Event: 254.259 Thread 0x000001600949cfa0 Exception <a 'java/lang/ClassNotFoundException'{0x0000000086d64548}: java/lang/ObjectCustomizer> (0x0000000086d64548) 
thrown [t:\workspace\open\src\hotspot\share\classfile\systemDictionary.cpp, line 256]
Event: 254.260 Thread 0x000001600949cfa0 Exception <a 'java/lang/ClassNotFoundException'{0x0000000086d6dd20}: codejava/Services/impl/StatsServicesImplCustomizer> (0x0000000086d6dd20) 
thrown [t:\workspace\open\src\hotspot\share\classfile\systemDictionary.cpp, line 256]
Event: 254.261 Thread 0x000001600949cfa0 Exception <a 'java/lang/ClassNotFoundException'{0x0000000086d782d8}: codejava/Services/StatsServicesCustomizer> (0x0000000086d782d8) 
thrown [t:\workspace\open\src\hotspot\share\classfile\systemDictionary.cpp, line 256]
Event: 254.266 Thread 0x000001600949cfa0 Exception <a 'java/lang/ClassNotFoundException'{0x0000000086c183e0}: java/lang/ObjectCustomizer> (0x0000000086c183e0) 
thrown [t:\workspace\open\src\hotspot\share\classfile\systemDictionary.cpp, line 256]
Event: 254.267 Thread 0x000001600949cfa0 Exception <a 'java/lang/ClassNotFoundException'{0x0000000086c22380}: codejava/Entity/OrdersCustomizer> (0x0000000086c22380) 
thrown [t:\workspace\open\src\hotspot\share\classfile\systemDictionary.cpp, line 256]
Event: 254.269 Thread 0x000001600949cfa0 Exception <a 'java/lang/ClassNotFoundException'{0x0000000086c792c8}: java/lang/ObjectCustomizer> (0x0000000086c792c8) 
thrown [t:\workspace\open\src\hotspot\share\classfile\systemDictionary.cpp, line 256]
Event: 254.269 Thread 0x000001600949cfa0 Exception <a 'java/lang/ClassNotFoundException'{0x0000000086c836a0}: codejava/Entity/PaymentMethodCustomizer> (0x0000000086c836a0) 
thrown [t:\workspace\open\src\hotspot\share\classfile\systemDictionary.cpp, line 256]
Event: 254.271 Thread 0x000001600949cfa0 Exception <a 'java/lang/ClassNotFoundException'{0x0000000086cb9810}: java/lang/ObjectCustomizer> (0x0000000086cb9810) 
thrown [t:\workspace\open\src\hotspot\share\classfile\systemDictionary.cpp, line 256]
Event: 254.271 Thread 0x000001600949cfa0 Exception <a 'java/lang/ClassNotFoundException'{0x0000000086cc3880}: codejava/Entity/ProcessCustomizer> (0x0000000086cc3880) 
thrown [t:\workspace\open\src\hotspot\share\classfile\systemDictionary.cpp, line 256]
Event: 254.333 Thread 0x000001600949cfa0 Exception <a 'java/lang/ClassNotFoundException'{0x000000008a23cff0}: java/lang/ObjectCustomizer> (0x000000008a23cff0) 
thrown [t:\workspace\open\src\hotspot\share\classfile\systemDictionary.cpp, line 256]
Event: 254.333 Thread 0x000001600949cfa0 Exception <a 'java/lang/ClassNotFoundException'{0x000000008a247060}: codejava/Entity/ProductsCustomizer> (0x000000008a247060) 
thrown [t:\workspace\open\src\hotspot\share\classfile\systemDictionary.cpp, line 256]
Event: 254.336 Thread 0x000001600949cfa0 Exception <a 'java/lang/ClassNotFoundException'{0x000000008a2a6008}: java/lang/ObjectCustomizer> (0x000000008a2a6008) 
thrown [t:\workspace\open\src\hotspot\share\classfile\systemDictionary.cpp, line 256]
Event: 254.337 Thread 0x000001600949cfa0 Exception <a 'java/lang/ClassNotFoundException'{0x000000008a2b0198}: codejava/Entity/TypeOfProductCustomizer> (0x000000008a2b0198) 
thrown [t:\workspace\open\src\hotspot\share\classfile\systemDictionary.cpp, line 256]
Event: 254.338 Thread 0x000001600949cfa0 Exception <a 'java/lang/ClassNotFoundException'{0x000000008a2ecbb0}: java/lang/ObjectCustomizer> (0x000000008a2ecbb0) 
thrown [t:\workspace\open\src\hotspot\share\classfile\systemDictionary.cpp, line 256]
Event: 254.339 Thread 0x000001600949cfa0 Exception <a 'java/lang/ClassNotFoundException'{0x000000008a2f6c20}: codejava/Entity/UnitTypeCustomizer> (0x000000008a2f6c20) 
thrown [t:\workspace\open\src\hotspot\share\classfile\systemDictionary.cpp, line 256]
Event: 254.444 Thread 0x000001600949cfa0 Exception <a 'java/lang/ClassNotFoundException'{0x000000008863e790}: java/lang/ObjectCustomizer> (0x000000008863e790) 
thrown [t:\workspace\open\src\hotspot\share\classfile\systemDictionary.cpp, line 256]
Event: 254.444 Thread 0x000001600949cfa0 Exception <a 'java/lang/ClassNotFoundException'{0x00000000886488c0}: codejava/Entity/OrderDetailsCustomizer> (0x00000000886488c0) 
thrown [t:\workspace\open\src\hotspot\share\classfile\systemDictionary.cpp, line 256]
Event: 254.524 Thread 0x000001600949cfa0 Exception <a 'java/io/FileNotFoundException'{0x0000000087438a68}> (0x0000000087438a68) 
thrown [t:\workspace\open\src\hotspot\share\prims\jni.cpp, line 579]
Event: 254.525 Thread 0x000001600949cfa0 Exception <a 'java/io/FileNotFoundException'{0x0000000087439680}> (0x0000000087439680) 
thrown [t:\workspace\open\src\hotspot\share\prims\jni.cpp, line 579]

Events (20 events):
Event: 271.249 Executing  VM operation: Cleanup done
Event: 275.113 Executing  VM operation: get/set locals
Event: 275.113 Executing  VM operation: get/set locals done
Event: 275.119 Executing  VM operation: get/set locals
Event: 275.119 Executing  VM operation: get/set locals done
Event: 275.120 Executing  VM operation: get/set locals
Event: 275.120 Executing  VM operation: get/set locals done
Event: 275.121 Executing  VM operation: get/set locals
Event: 275.121 Executing  VM operation: get/set locals done
Event: 275.135 Executing  VM operation: get/set locals
Event: 275.136 Executing  VM operation: get/set locals done
Event: 275.136 Executing  VM operation: get/set locals
Event: 275.136 Executing  VM operation: get/set locals done
Event: 296.202 Executing  VM operation: RedefineClasses
Event: 296.228 Executing  VM operation: RedefineClasses done
Event: 296.249 Executing  VM operation: ChangeBreakpoints
Event: 296.252 Executing  VM operation: ChangeBreakpoints done
Event: 296.258 Executing  VM operation: ChangeBreakpoints
Event: 296.265 Executing  VM operation: ChangeBreakpoints done
Event: 296.532 Executing  VM operation: get/set locals


Dynamic libraries:
0x00007ff76ffb0000 - 0x00007ff76ffbe000 	C:\Users\Admin\Desktop\sts-4.12.0.RELEASE\plugins\org.eclipse.justj.openjdk.hotspot.jre.full.win32.x86_64_16.0.2.v20210721-1149\jre\bin\javaw.exe
0x00007ffe3f430000 - 0x00007ffe3f626000 	C:\Windows\SYSTEM32\ntdll.dll
0x00007ffe3ddb0000 - 0x00007ffe3de6d000 	C:\Windows\System32\KERNEL32.DLL
0x00007ffe3cd10000 - 0x00007ffe3cfd8000 	C:\Windows\System32\KERNELBASE.dll
0x00007ffe3d240000 - 0x00007ffe3d340000 	C:\Windows\System32\ucrtbase.dll
0x00007ffe2d700000 - 0x00007ffe2d718000 	C:\Users\Admin\Desktop\sts-4.12.0.RELEASE\plugins\org.eclipse.justj.openjdk.hotspot.jre.full.win32.x86_64_16.0.2.v20210721-1149\jre\bin\jli.dll
0x00007ffe35970000 - 0x00007ffe35989000 	C:\Users\Admin\Desktop\sts-4.12.0.RELEASE\plugins\org.eclipse.justj.openjdk.hotspot.jre.full.win32.x86_64_16.0.2.v20210721-1149\jre\bin\VCRUNTIME140.dll
0x00007ffe3d5e0000 - 0x00007ffe3d780000 	C:\Windows\System32\USER32.dll
0x00007ffe2c190000 - 0x00007ffe2c42b000 	C:\Windows\WinSxS\amd64_microsoft.windows.common-controls_6595b64144ccf1df_6.0.19041.488_none_ca04af081b815d21\COMCTL32.dll
0x00007ffe3d210000 - 0x00007ffe3d232000 	C:\Windows\System32\win32u.dll
0x00007ffe3d4a0000 - 0x00007ffe3d53e000 	C:\Windows\System32\msvcrt.dll
0x00007ffe3d540000 - 0x00007ffe3d56a000 	C:\Windows\System32\GDI32.dll
0x00007ffe3cc00000 - 0x00007ffe3cd09000 	C:\Windows\System32\gdi32full.dll
0x00007ffe3d110000 - 0x00007ffe3d1ad000 	C:\Windows\System32\msvcp_win.dll
0x00007ffe3dad0000 - 0x00007ffe3db00000 	C:\Windows\System32\IMM32.DLL
0x00007ffe38a90000 - 0x00007ffe38a9c000 	C:\Users\Admin\Desktop\sts-4.12.0.RELEASE\plugins\org.eclipse.justj.openjdk.hotspot.jre.full.win32.x86_64_16.0.2.v20210721-1149\jre\bin\vcruntime140_1.dll
0x00007ffe2b440000 - 0x00007ffe2b4d1000 	C:\Users\Admin\Desktop\sts-4.12.0.RELEASE\plugins\org.eclipse.justj.openjdk.hotspot.jre.full.win32.x86_64_16.0.2.v20210721-1149\jre\bin\msvcp140.dll
0x00007ffe0ce40000 - 0x00007ffe0d9eb000 	C:\Users\Admin\Desktop\sts-4.12.0.RELEASE\plugins\org.eclipse.justj.openjdk.hotspot.jre.full.win32.x86_64_16.0.2.v20210721-1149\jre\bin\server\jvm.dll
0x00007ffe3e680000 - 0x00007ffe3e72a000 	C:\Windows\System32\ADVAPI32.dll
0x00007ffe3d980000 - 0x00007ffe3da1b000 	C:\Windows\System32\sechost.dll
0x00007ffe3e790000 - 0x00007ffe3e8b4000 	C:\Windows\System32\RPCRT4.dll
0x00007ffe3df50000 - 0x00007ffe3df58000 	C:\Windows\System32\PSAPI.DLL
0x00007ffe3a3d0000 - 0x00007ffe3a3f7000 	C:\Windows\SYSTEM32\WINMM.dll
0x00007ffe36610000 - 0x00007ffe3661a000 	C:\Windows\SYSTEM32\VERSION.dll
0x00007ffe35e20000 - 0x00007ffe35e29000 	C:\Windows\SYSTEM32\WSOCK32.dll
0x00007ffe3d910000 - 0x00007ffe3d97b000 	C:\Windows\System32\WS2_32.dll
0x00007ffe3aad0000 - 0x00007ffe3aae2000 	C:\Windows\SYSTEM32\kernel.appcore.dll
0x00007ffe33a30000 - 0x00007ffe33a3a000 	C:\Users\Admin\Desktop\sts-4.12.0.RELEASE\plugins\org.eclipse.justj.openjdk.hotspot.jre.full.win32.x86_64_16.0.2.v20210721-1149\jre\bin\jimage.dll
0x00007ffe25a00000 - 0x00007ffe25be4000 	C:\Windows\SYSTEM32\DBGHELP.DLL
0x00007ffe25970000 - 0x00007ffe2599c000 	C:\Windows\SYSTEM32\dbgcore.DLL
0x00007ffe3cb80000 - 0x00007ffe3cbff000 	C:\Windows\System32\bcryptPrimitives.dll
0x00007ffe1ba90000 - 0x00007ffe1bacb000 	C:\Users\Admin\Desktop\sts-4.12.0.RELEASE\plugins\org.eclipse.justj.openjdk.hotspot.jre.full.win32.x86_64_16.0.2.v20210721-1149\jre\bin\jdwp.dll
0x00007ffe2fae0000 - 0x00007ffe2faee000 	C:\Users\Admin\Desktop\sts-4.12.0.RELEASE\plugins\org.eclipse.justj.openjdk.hotspot.jre.full.win32.x86_64_16.0.2.v20210721-1149\jre\bin\instrument.dll
0x00007ffe2d6d0000 - 0x00007ffe2d6f5000 	C:\Users\Admin\Desktop\sts-4.12.0.RELEASE\plugins\org.eclipse.justj.openjdk.hotspot.jre.full.win32.x86_64_16.0.2.v20210721-1149\jre\bin\java.dll
0x00007ffe2d250000 - 0x00007ffe2d268000 	C:\Users\Admin\Desktop\sts-4.12.0.RELEASE\plugins\org.eclipse.justj.openjdk.hotspot.jre.full.win32.x86_64_16.0.2.v20210721-1149\jre\bin\zip.dll
0x00007ffe3ec20000 - 0x00007ffe3f360000 	C:\Windows\System32\SHELL32.dll
0x00007ffe3acd0000 - 0x00007ffe3b464000 	C:\Windows\SYSTEM32\windows.storage.dll
0x00007ffe3e8c0000 - 0x00007ffe3ec15000 	C:\Windows\System32\combase.dll
0x00007ffe3c5f0000 - 0x00007ffe3c61c000 	C:\Windows\SYSTEM32\Wldp.dll
0x00007ffe3d780000 - 0x00007ffe3d82e000 	C:\Windows\System32\SHCORE.dll
0x00007ffe3d830000 - 0x00007ffe3d885000 	C:\Windows\System32\shlwapi.dll
0x00007ffe3cab0000 - 0x00007ffe3cad6000 	C:\Windows\SYSTEM32\profapi.dll
0x00007ffe3a420000 - 0x00007ffe3a42c000 	C:\Users\Admin\Desktop\sts-4.12.0.RELEASE\plugins\org.eclipse.justj.openjdk.hotspot.jre.full.win32.x86_64_16.0.2.v20210721-1149\jre\bin\dt_socket.dll
0x00007ffe3c010000 - 0x00007ffe3c04b000 	C:\Windows\SYSTEM32\IPHLPAPI.DLL
0x00007ffe3c370000 - 0x00007ffe3c3da000 	C:\Windows\system32\mswsock.dll
0x00007ffe3c050000 - 0x00007ffe3c11b000 	C:\Windows\SYSTEM32\DNSAPI.dll
0x00007ffe3d570000 - 0x00007ffe3d579000 	C:\Windows\System32\NSI.dll
0x00007ffe29d90000 - 0x00007ffe29d9a000 	C:\Windows\System32\rasadhlp.dll
0x00007ffe2b540000 - 0x00007ffe2b5bf000 	C:\Windows\System32\fwpuclnt.dll
0x00007ffe3d030000 - 0x00007ffe3d057000 	C:\Windows\System32\bcrypt.dll
0x00007ffe2d230000 - 0x00007ffe2d249000 	C:\Users\Admin\Desktop\sts-4.12.0.RELEASE\plugins\org.eclipse.justj.openjdk.hotspot.jre.full.win32.x86_64_16.0.2.v20210721-1149\jre\bin\net.dll
0x00007ffe31ac0000 - 0x00007ffe31bc0000 	C:\Windows\SYSTEM32\WINHTTP.dll
0x00007ffe2c930000 - 0x00007ffe2c943000 	C:\Users\Admin\Desktop\sts-4.12.0.RELEASE\plugins\org.eclipse.justj.openjdk.hotspot.jre.full.win32.x86_64_16.0.2.v20210721-1149\jre\bin\nio.dll
0x00007ffe2d220000 - 0x00007ffe2d229000 	C:\Users\Admin\Desktop\sts-4.12.0.RELEASE\plugins\org.eclipse.justj.openjdk.hotspot.jre.full.win32.x86_64_16.0.2.v20210721-1149\jre\bin\management.dll
0x00007ffe29640000 - 0x00007ffe2964b000 	C:\Users\Admin\Desktop\sts-4.12.0.RELEASE\plugins\org.eclipse.justj.openjdk.hotspot.jre.full.win32.x86_64_16.0.2.v20210721-1149\jre\bin\management_ext.dll
0x00007ffe13bd0000 - 0x00007ffe13be7000 	C:\Windows\system32\napinsp.dll
0x00007ffe183a0000 - 0x00007ffe183bb000 	C:\Windows\system32\pnrpnsp.dll
0x00007ffe378c0000 - 0x00007ffe378d5000 	C:\Windows\system32\wshbth.dll
0x00007ffe38780000 - 0x00007ffe3879d000 	C:\Windows\system32\NLAapi.dll
0x00007ffe190c0000 - 0x00007ffe190d2000 	C:\Windows\System32\winrnr.dll
0x00007ffe3c550000 - 0x00007ffe3c568000 	C:\Windows\SYSTEM32\CRYPTSP.dll
0x00007ffe3bc90000 - 0x00007ffe3bcc4000 	C:\Windows\system32\rsaenh.dll
0x00007ffe3ca70000 - 0x00007ffe3ca9e000 	C:\Windows\SYSTEM32\USERENV.dll
0x00007ffe3c540000 - 0x00007ffe3c54c000 	C:\Windows\SYSTEM32\CRYPTBASE.dll
0x00007ffe34fe0000 - 0x00007ffe34ff7000 	C:\Windows\SYSTEM32\dhcpcsvc6.DLL
0x00007ffe365b0000 - 0x00007ffe365cd000 	C:\Windows\SYSTEM32\dhcpcsvc.DLL
0x00007ffe2fad0000 - 0x00007ffe2fae0000 	C:\Users\Admin\Desktop\sts-4.12.0.RELEASE\plugins\org.eclipse.justj.openjdk.hotspot.jre.full.win32.x86_64_16.0.2.v20210721-1149\jre\bin\verify.dll
0x00007ffe2d6c0000 - 0x00007ffe2d6ce000 	C:\Users\Admin\Desktop\sts-4.12.0.RELEASE\plugins\org.eclipse.justj.openjdk.hotspot.jre.full.win32.x86_64_16.0.2.v20210721-1149\jre\bin\sunmscapi.dll
0x00007ffe3d340000 - 0x00007ffe3d49d000 	C:\Windows\System32\CRYPT32.dll
0x00007ffe3c660000 - 0x00007ffe3c687000 	C:\Windows\SYSTEM32\ncrypt.dll
0x00007ffe3c620000 - 0x00007ffe3c65b000 	C:\Windows\SYSTEM32\NTASN1.dll
0x00007ffe343f0000 - 0x00007ffe343f7000 	C:\Windows\system32\wshunix.dll

dbghelp: loaded successfully - version: 4.0.5 - missing functions: none
symbol engine: initialized successfully - sym options: 0x614 - pdb path: .;C:\Users\Admin\Desktop\sts-4.12.0.RELEASE\plugins\org.eclipse.justj.openjdk.hotspot.jre.full.win32.x86_64_16.0.2.v20210721-1149\jre\bin;C:\Windows\SYSTEM32;C:\Windows\WinSxS\amd64_microsoft.windows.common-controls_6595b64144ccf1df_6.0.19041.488_none_ca04af081b815d21;C:\Users\Admin\Desktop\sts-4.12.0.RELEASE\plugins\org.eclipse.justj.openjdk.hotspot.jre.full.win32.x86_64_16.0.2.v20210721-1149\jre\bin\server

VM Arguments:
jvm_args: -XX:+ShowCodeDetailsInExceptionMessages -agentlib:jdwp=transport=dt_socket,suspend=y,address=localhost:51905 -Dcom.sun.management.jmxremote -Dcom.sun.management.jmxremote.port=51903 -Dcom.sun.management.jmxremote.authenticate=false -Dcom.sun.management.jmxremote.ssl=false -Djava.rmi.server.hostname=localhost -Dspring.jmx.enabled=true -Dspring.application.admin.enabled=true -XX:TieredStopAtLevel=1 -Dspring.boot.project.name=BigStore -javaagent:C:\Users\Admin\Desktop\sts-4.12.0.RELEASE\configuration\org.eclipse.osgi\259\0\.cp\lib\javaagent-shaded.jar -Dfile.encoding=UTF-8 
java_command: codejava.DemoSpringBoot3Application --spring.output.ansi.enabled=always
java_class_path (initial): C:\Users\Admin\Desktop\Team Tot_Nghiep\Team Tot_Nghiep\demo-spring-boot-3\BigStore\target\classes;C:\Users\Admin\.m2\repository\com\oracle\database\jdbc\ojdbc8\21.1.0.0\ojdbc8-21.1.0.0.jar;C:\Users\Admin\.m2\repository\org\springframework\boot\spring-boot-starter-thymeleaf\2.5.1\spring-boot-starter-thymeleaf-2.5.1.jar;C:\Users\Admin\.m2\repository\org\springframework\boot\spring-boot-starter\2.5.1\spring-boot-starter-2.5.1.jar;C:\Users\Admin\.m2\repository\org\springframework\boot\spring-boot-starter-logging\2.5.1\spring-boot-starter-logging-2.5.1.jar;C:\Users\Admin\.m2\repository\ch\qos\logback\logback-classic\1.2.3\logback-classic-1.2.3.jar;C:\Users\Admin\.m2\repository\ch\qos\logback\logback-core\1.2.3\logback-core-1.2.3.jar;C:\Users\Admin\.m2\repository\org\apache\logging\log4j\log4j-to-slf4j\2.14.1\log4j-to-slf4j-2.14.1.jar;C:\Users\Admin\.m2\repository\org\apache\logging\log4j\log4j-api\2.14.1\log4j-api-2.14.1.jar;C:\Users\Admin\.m2\repository\org\slf4j\jul-to-slf4j\1.7.30\jul-to-slf4j-1.7.30.jar;C:\Users\Admin\.m2\repository\org\yaml\snakeyaml\1.28\snakeyaml-1.28.jar;C:\Users\Admin\.m2\repository\org\thymeleaf\thymeleaf-spring5\3.0.12.RELEASE\thymeleaf-spring5-3.0.12.RELEASE.jar;C:\Users\Admin\.m2\repository\org\slf4j\slf4j-api\1.7.30\slf4j-api-1.7.30.jar;C:\Users\Admin\.m2\repository\org\thymeleaf\extras\thymeleaf-extras-java8time\3.0.4.RELEASE\thymeleaf-extras-java8time-3.0.4.RELEASE.jar;C:\Users\Admin\.m2\repository\org\springframework\boot\spring-boot-starter-web\2.5.1\spring-boot-starter-web-2.5.1.jar;C:\Users\Admin\.m2\repository\org\springframework\boot\spring-boot-starter-json\2.5.1\spring-boot-starter-json-2.5.1.jar;C:\Users\Admin\.m2\repository\com\fasterxml\jackson\datatype\jackson-datatype-jdk8\2.12.3\jackson-datatype-jdk8-2.12.3.jar;C:\Users\Admin\.m2\repository\com\fasterxml\jackson\datatype\jackson-datatype-jsr310\2.12.3\jackson-datatype-jsr310-2.12.3.jar;C:\Users\Admin\.m2\repository\com\fasterxml\jackson\module\ja
Launcher Type: SUN_STANDARD

[Global flags]
     intx CICompilerCount                          = 4                                         {product} {ergonomic}
     uint ConcGCThreads                            = 2                                         {product} {ergonomic}
     uint G1ConcRefinementThreads                  = 8                                         {product} {ergonomic}
   size_t G1HeapRegionSize                         = 1048576                                   {product} {ergonomic}
    uintx GCDrainStackTargetSize                   = 64                                        {product} {ergonomic}
   size_t InitialHeapSize                          = 132120576                                 {product} {ergonomic}
     bool ManagementServer                         = true                                      {product} {command line}
   size_t MarkStackSize                            = 4194304                                   {product} {ergonomic}
   size_t MaxHeapSize                              = 2107637760                                {product} {ergonomic}
   size_t MaxNewSize                               = 1264582656                                {product} {ergonomic}
   size_t MinHeapDeltaBytes                        = 1048576                                   {product} {ergonomic}
   size_t MinHeapSize                              = 8388608                                   {product} {ergonomic}
    uintx NonNMethodCodeHeapSize                   = 7549744                                {pd product} {ergonomic}
    uintx NonProfiledCodeHeapSize                  = 244108496                              {pd product} {ergonomic}
    uintx ProfiledCodeHeapSize                     = 0                                      {pd product} {ergonomic}
    uintx ReservedCodeCacheSize                    = 251658240                              {pd product} {ergonomic}
     bool SegmentedCodeCache                       = true                                      {product} {ergonomic}
     bool ShowCodeDetailsInExceptionMessages       = true                                   {manageable} {command line}
   size_t SoftMaxHeapSize                          = 2107637760                             {manageable} {ergonomic}
     intx TieredStopAtLevel                        = 1                                         {product} {command line}
     bool UseCompressedClassPointers               = true                           {product lp64_product} {ergonomic}
     bool UseCompressedOops                        = true                           {product lp64_product} {ergonomic}
     bool UseG1GC                                  = true                                      {product} {ergonomic}
     bool UseLargePagesIndividualAllocation        = false                                  {pd product} {ergonomic}

Logging:
Log output configuration:
 #0: stdout all=warning uptime,level,tags
 #1: stderr all=off uptime,level,tags

Environment Variables:
JAVA_HOME=C:\Program Files\Java\jre1.8.0_231
PATH=C:\Users\Admin\Desktop\sts-4.12.0.RELEASE\plugins\org.eclipse.justj.openjdk.hotspot.jre.full.win32.x86_64_16.0.2.v20210721-1149\jre\bin;C:/Users/Admin/Desktop/sts-4.12.0.RELEASE//plugins/org.eclipse.justj.openjdk.hotspot.jre.full.win32.x86_64_16.0.2.v20210721-1149/jre/bin/server;C:/Users/Admin/Desktop/sts-4.12.0.RELEASE//plugins/org.eclipse.justj.openjdk.hotspot.jre.full.win32.x86_64_16.0.2.v20210721-1149/jre/bin;C:\oraclexe\app\oracle\product\11.2.0\server\bin;;%JAVA_HOME%/bin;%M2_HOME%/bin;C:\Program Files (x86)\Common Files\Oracle\Java\javapath;C:\Windows\system32;C:\Windows;C:\Windows\System32\Wbem;C:\Windows\System32\WindowsPowerShell\v1.0\;C:\Windows\System32\OpenSSH\;C:\Program Files (x86)\NVIDIA Corporation\PhysX\Common;C:\Program Files\Git\cmd;C:\Users\Admin\AppData\Local\Microsoft\WindowsApps;;C:\Users\Admin\Desktop\sts-4.12.0.RELEASE;
USERNAME=Admin
OS=Windows_NT
PROCESSOR_IDENTIFIER=Intel64 Family 6 Model 158 Stepping 10, GenuineIntel



---------------  S Y S T E M  ---------------

OS:
 Windows 10 , 64 bit Build 19041 (10.0.19041.546)
OS uptime: 1 days 11:26 hours

CPU: total 8 (initial active 8) (4 cores per cpu, 2 threads per core) family 6 model 158 stepping 10 microcode 0xb4, cx8, cmov, fxsr, ht, mmx, 3dnowpref, sse, sse2, sse3, ssse3, sse4.1, sse4.2, popcnt, lzcnt, tsc, tscinvbit, avx, avx2, aes, erms, clmul, bmi1, bmi2, adx, fma, vzeroupper, clflush, clflushopt

Memory: 4k page, system-wide physical 8038M (1657M free)
TotalPageFile size 12509M (AvailPageFile size 2191M)
current process WorkingSet (physical memory assigned to process): 325M, peak: 333M
current process commit charge ("private bytes"): 363M, peak: 378M

vm_info: OpenJDK 64-Bit Server VM (16.0.2+7-67) for windows-amd64 JRE (16.0.2+7-67), built on Jun  8 2021 23:21:43 by "mach5one" with MS VC++ 16.7 (VS2019)

END.
